{"C:\\Users\\HaroldoMorais\\git\\NESTJS\\testeNodeJs\\index.js": {"path":"C:\\Users\\HaroldoMorais\\git\\NESTJS\\testeNodeJs\\index.js","statementMap":{"0":{"start":{"line":1,"column":24},"end":{"line":2,"column":28}},"1":{"start":{"line":2,"column":2},"end":{"line":2,"column":28}},"2":{"start":{"line":4,"column":24},"end":{"line":4,"column":65}},"3":{"start":{"line":4,"column":47},"end":{"line":4,"column":65}}},"fnMap":{"0":{"name":"(anonymous_0)","decl":{"start":{"line":1,"column":24},"end":{"line":1,"column":25}},"loc":{"start":{"line":2,"column":2},"end":{"line":2,"column":28}},"line":2},"1":{"name":"(anonymous_1)","decl":{"start":{"line":4,"column":24},"end":{"line":4,"column":25}},"loc":{"start":{"line":4,"column":47},"end":{"line":4,"column":65}},"line":4}},"branchMap":{},"s":{"0":1,"1":1,"2":1,"3":1},"f":{"0":1,"1":1},"b":{},"_coverageSchema":"1a1c01bbd47fc00a2c39e90264f33305004495a9","hash":"39f95eeb142c66d72062a197e744861d1bfa5055"}
}
